<?xml version='1.0'?>
<ns2:test-suite xmlns:ns2='urn:model.allure.qatools.yandex.ru' start='1513267351498' stop='1513267355043'>
    <name>Locator testing By Repeater</name>
    <title>Locator testing By Repeater</title>
    <test-cases>
        <test-case start='1513267351500' status='failed' stop='1513267353978'>
            <name>Validate user credentials from data provider</name>
            <title>Validate user credentials from data provider</title>
            <labels/>
            <parameters/>
            <steps/>
            <attachments>
                <attachment title='Screenshot' source='b2653994-0a6e-43b5-8640-f588c5d9c69c-attachment.png' type='image/png' size='34013'/>
            </attachments>
            <failure>
                <message>Failed: username is not defined</message>
                <stack-trace>ReferenceError: username is not defined
                    at UserContext.&lt;anonymous> (D:\training\SoftUni\Automation\ProtractorTest\GmailTest.js:16:55)
                    at c:\Users\Deyan\AppData\Roaming\npm\node_modules\protractor\node_modules\jasminewd2\index.js:112:25
                    at new ManagedPromise (c:\Users\Deyan\AppData\Roaming\npm\node_modules\protractor\node_modules\selenium-webdriver\lib\promise.js:1077:7)
                    at ControlFlow.promise (c:\Users\Deyan\AppData\Roaming\npm\node_modules\protractor\node_modules\selenium-webdriver\lib\promise.js:2505:12)
                    at schedulerExecute (c:\Users\Deyan\AppData\Roaming\npm\node_modules\protractor\node_modules\jasminewd2\index.js:95:18)
                    at TaskQueue.execute_ (c:\Users\Deyan\AppData\Roaming\npm\node_modules\protractor\node_modules\selenium-webdriver\lib\promise.js:3084:14)
                    at TaskQueue.executeNext_ (c:\Users\Deyan\AppData\Roaming\npm\node_modules\protractor\node_modules\selenium-webdriver\lib\promise.js:3067:27)
                    at asyncRun (c:\Users\Deyan\AppData\Roaming\npm\node_modules\protractor\node_modules\selenium-webdriver\lib\promise.js:2974:25)
                    at c:\Users\Deyan\AppData\Roaming\npm\node_modules\protractor\node_modules\selenium-webdriver\lib\promise.js:668:7
                    at process._tickCallback (internal/process/next_tick.js:109:7)
                From: Task: Run it("Validate user credentials from data provider") in control flow
                    at UserContext.&lt;anonymous> (c:\Users\Deyan\AppData\Roaming\npm\node_modules\protractor\node_modules\jasminewd2\index.js:94:19)
                    at attempt (c:\Users\Deyan\AppData\Roaming\npm\node_modules\protractor\node_modules\jasmine-core\lib\jasmine-core\jasmine.js:4297:26)
                    at QueueRunner.run (c:\Users\Deyan\AppData\Roaming\npm\node_modules\protractor\node_modules\jasmine-core\lib\jasmine-core\jasmine.js:4217:20)
                    at runNext (c:\Users\Deyan\AppData\Roaming\npm\node_modules\protractor\node_modules\jasmine-core\lib\jasmine-core\jasmine.js:4257:20)
                    at c:\Users\Deyan\AppData\Roaming\npm\node_modules\protractor\node_modules\jasmine-core\lib\jasmine-core\jasmine.js:4264:13
                    at c:\Users\Deyan\AppData\Roaming\npm\node_modules\protractor\node_modules\jasmine-core\lib\jasmine-core\jasmine.js:4172:9
                    at c:\Users\Deyan\AppData\Roaming\npm\node_modules\protractor\node_modules\jasminewd2\index.js:64:48
                    at ControlFlow.emit (c:\Users\Deyan\AppData\Roaming\npm\node_modules\protractor\node_modules\selenium-webdriver\lib\events.js:62:21)
                    at ControlFlow.shutdown_ (c:\Users\Deyan\AppData\Roaming\npm\node_modules\protractor\node_modules\selenium-webdriver\lib\promise.js:2674:10)
                    at shutdownTask_.MicroTask (c:\Users\Deyan\AppData\Roaming\npm\node_modules\protractor\node_modules\selenium-webdriver\lib\promise.js:2599:53)
                From asynchronous test: 
                Error
                    at D:\training\SoftUni\Automation\ProtractorTest\GmailTest.js:15:9
                    at D:\training\SoftUni\Automation\ProtractorTest\node_modules\jasmine-data-provider\src\index.js:25:22
                    at Array.forEach (native)
                    at D:\training\SoftUni\Automation\ProtractorTest\node_modules\jasmine-data-provider\src\index.js:20:20
                    at Suite.&lt;anonymous> (D:\training\SoftUni\Automation\ProtractorTest\GmailTest.js:14:5)
                    at addSpecsToSuite (c:\Users\Deyan\AppData\Roaming\npm\node_modules\protractor\node_modules\jasmine-core\lib\jasmine-core\jasmine.js:1107:25)
                    at Env.describe (c:\Users\Deyan\AppData\Roaming\npm\node_modules\protractor\node_modules\jasmine-core\lib\jasmine-core\jasmine.js:1074:7)
                    at describe (c:\Users\Deyan\AppData\Roaming\npm\node_modules\protractor\node_modules\jasmine-core\lib\jasmine-core\jasmine.js:4399:18)
                    at Object.&lt;anonymous> (D:\training\SoftUni\Automation\ProtractorTest\GmailTest.js:4:1)</stack-trace>
            </failure>
        </test-case>
        <test-case start='1513267353978' status='failed' stop='1513267355043'>
            <name>Validate user credentials from data provider</name>
            <title>Validate user credentials from data provider</title>
            <labels/>
            <parameters/>
            <steps/>
            <attachments>
                <attachment title='Screenshot' source='bf79c608-dd14-4d18-ba3f-46e8da241512-attachment.png' type='image/png' size='34677'/>
            </attachments>
            <failure>
                <message>Failed: username is not defined</message>
                <stack-trace>ReferenceError: username is not defined
                    at UserContext.&lt;anonymous> (D:\training\SoftUni\Automation\ProtractorTest\GmailTest.js:16:55)
                    at c:\Users\Deyan\AppData\Roaming\npm\node_modules\protractor\node_modules\jasminewd2\index.js:112:25
                    at new ManagedPromise (c:\Users\Deyan\AppData\Roaming\npm\node_modules\protractor\node_modules\selenium-webdriver\lib\promise.js:1077:7)
                    at ControlFlow.promise (c:\Users\Deyan\AppData\Roaming\npm\node_modules\protractor\node_modules\selenium-webdriver\lib\promise.js:2505:12)
                    at schedulerExecute (c:\Users\Deyan\AppData\Roaming\npm\node_modules\protractor\node_modules\jasminewd2\index.js:95:18)
                    at TaskQueue.execute_ (c:\Users\Deyan\AppData\Roaming\npm\node_modules\protractor\node_modules\selenium-webdriver\lib\promise.js:3084:14)
                    at TaskQueue.executeNext_ (c:\Users\Deyan\AppData\Roaming\npm\node_modules\protractor\node_modules\selenium-webdriver\lib\promise.js:3067:27)
                    at asyncRun (c:\Users\Deyan\AppData\Roaming\npm\node_modules\protractor\node_modules\selenium-webdriver\lib\promise.js:2974:25)
                    at c:\Users\Deyan\AppData\Roaming\npm\node_modules\protractor\node_modules\selenium-webdriver\lib\promise.js:668:7
                    at process._tickCallback (internal/process/next_tick.js:109:7)
                From: Task: Run it("Validate user credentials from data provider") in control flow
                    at UserContext.&lt;anonymous> (c:\Users\Deyan\AppData\Roaming\npm\node_modules\protractor\node_modules\jasminewd2\index.js:94:19)
                    at attempt (c:\Users\Deyan\AppData\Roaming\npm\node_modules\protractor\node_modules\jasmine-core\lib\jasmine-core\jasmine.js:4297:26)
                    at QueueRunner.run (c:\Users\Deyan\AppData\Roaming\npm\node_modules\protractor\node_modules\jasmine-core\lib\jasmine-core\jasmine.js:4217:20)
                    at runNext (c:\Users\Deyan\AppData\Roaming\npm\node_modules\protractor\node_modules\jasmine-core\lib\jasmine-core\jasmine.js:4257:20)
                    at c:\Users\Deyan\AppData\Roaming\npm\node_modules\protractor\node_modules\jasmine-core\lib\jasmine-core\jasmine.js:4264:13
                    at c:\Users\Deyan\AppData\Roaming\npm\node_modules\protractor\node_modules\jasmine-core\lib\jasmine-core\jasmine.js:4172:9
                    at c:\Users\Deyan\AppData\Roaming\npm\node_modules\protractor\node_modules\jasminewd2\index.js:64:48
                    at ControlFlow.emit (c:\Users\Deyan\AppData\Roaming\npm\node_modules\protractor\node_modules\selenium-webdriver\lib\events.js:62:21)
                    at ControlFlow.shutdown_ (c:\Users\Deyan\AppData\Roaming\npm\node_modules\protractor\node_modules\selenium-webdriver\lib\promise.js:2674:10)
                    at shutdownTask_.MicroTask (c:\Users\Deyan\AppData\Roaming\npm\node_modules\protractor\node_modules\selenium-webdriver\lib\promise.js:2599:53)
                From asynchronous test: 
                Error
                    at D:\training\SoftUni\Automation\ProtractorTest\GmailTest.js:15:9
                    at D:\training\SoftUni\Automation\ProtractorTest\node_modules\jasmine-data-provider\src\index.js:25:22
                    at Array.forEach (native)
                    at D:\training\SoftUni\Automation\ProtractorTest\node_modules\jasmine-data-provider\src\index.js:20:20
                    at Suite.&lt;anonymous> (D:\training\SoftUni\Automation\ProtractorTest\GmailTest.js:14:5)
                    at addSpecsToSuite (c:\Users\Deyan\AppData\Roaming\npm\node_modules\protractor\node_modules\jasmine-core\lib\jasmine-core\jasmine.js:1107:25)
                    at Env.describe (c:\Users\Deyan\AppData\Roaming\npm\node_modules\protractor\node_modules\jasmine-core\lib\jasmine-core\jasmine.js:1074:7)
                    at describe (c:\Users\Deyan\AppData\Roaming\npm\node_modules\protractor\node_modules\jasmine-core\lib\jasmine-core\jasmine.js:4399:18)
                    at Object.&lt;anonymous> (D:\training\SoftUni\Automation\ProtractorTest\GmailTest.js:4:1)</stack-trace>
            </failure>
        </test-case>
    </test-cases>
</ns2:test-suite>