{
  "defectsList" : [ {
    "title" : "Product defects",
    "status" : "FAILED",
    "defects" : [ {
      "uid" : "ff9c19fcb4c1e98c",
      "failure" : {
        "message" : "Expected 'Protractor practice website - Banking App' to equal 'Protractor1 practice website - Calculator'.",
        "stackTrace" : "Error: Failed expectation\n                    at D:\\training\\SoftUni\\Automation\\ProtractorTest\\ValidateTitlesTest.js:22:26\n                    at ManagedPromise.invokeCallback_ (c:\\Users\\Deyan\\AppData\\Roaming\\npm\\node_modules\\protractor\\node_modules\\selenium-webdriver\\lib\\promise.js:1376:14)\n                    at TaskQueue.execute_ (c:\\Users\\Deyan\\AppData\\Roaming\\npm\\node_modules\\protractor\\node_modules\\selenium-webdriver\\lib\\promise.js:3084:14)\n                    at TaskQueue.executeNext_ (c:\\Users\\Deyan\\AppData\\Roaming\\npm\\node_modules\\protractor\\node_modules\\selenium-webdriver\\lib\\promise.js:3067:27)\n                    at asyncRun (c:\\Users\\Deyan\\AppData\\Roaming\\npm\\node_modules\\protractor\\node_modules\\selenium-webdriver\\lib\\promise.js:2974:25)\n                    at c:\\Users\\Deyan\\AppData\\Roaming\\npm\\node_modules\\protractor\\node_modules\\selenium-webdriver\\lib\\promise.js:668:7\n                    at process._tickCallback (internal/process/next_tick.js:109:7)"
      },
      "testCases" : [ {
        "uid" : "97b153446a6c5317",
        "name" : "Enter the incorrect title",
        "title" : "Enter the incorrect title",
        "time" : {
          "start" : 1513250496316,
          "stop" : 1513250497532,
          "duration" : 1216
        },
        "severity" : "NORMAL",
        "status" : "FAILED"
      } ]
    } ]
  }, {
    "title" : "Test defects",
    "status" : "BROKEN",
    "defects" : [ ]
  } ]
}